<?xml version="1.0" encoding="UTF-8"?>
<testng-results total="1" passed="0" failed="1" skipped="0">
  <reporter-output>
  </reporter-output>
  <suite started-at="2021-09-30T20:31:31Z" name="Trainline Demo Test Suite" finished-at="2021-09-30T20:32:12Z" duration-ms="41781">
    <groups>
      <group name="cucumber">
        <method signature="AbstractTestNGCucumberTests.feature(cucumber.api.testng.CucumberFeatureWrapper)[pri:0, instance:testRunner.TrainlineRunner@1e730495]" name="feature" class="cucumber.api.testng.AbstractTestNGCucumberTests"/>
      </group> <!-- cucumber -->
    </groups>
    <test started-at="2021-09-30T20:31:31Z" name="Ticket Booking" finished-at="2021-09-30T20:32:12Z" duration-ms="41781">
      <class name="testRunner.TrainlineRunner">
        <test-method is-config="true" signature="setup()[pri:0, instance:testRunner.TrainlineRunner@1e730495]" started-at="2021-10-01T02:01:31Z" name="setup" finished-at="2021-10-01T02:01:31Z" duration-ms="91" status="PASS">
          <reporter-output>
          </reporter-output>
        </test-method> <!-- setup -->
        <test-method is-config="true" signature="setUpClass()[pri:0, instance:testRunner.TrainlineRunner@1e730495]" started-at="2021-10-01T02:01:31Z" name="setUpClass" finished-at="2021-10-01T02:01:31Z" duration-ms="221" status="PASS">
          <reporter-output>
          </reporter-output>
        </test-method> <!-- setUpClass -->
        <test-method signature="feature(cucumber.api.testng.CucumberFeatureWrapper)[pri:0, instance:testRunner.TrainlineRunner@1e730495]" started-at="2021-10-01T02:01:31Z" name="feature" description="Runs Cucumber Feature" data-provider="features" finished-at="2021-10-01T02:02:12Z" duration-ms="41395" status="FAIL">
          <params>
            <param index="0">
              <value>
                <![CDATA[Book a flight in Trainline.com]]>
              </value>
            </param>
          </params>
          <exception class="cucumber.runtime.CucumberException">
            <message>
              <![CDATA[java.lang.RuntimeException: Coach deatils is empty]]>
            </message>
            <full-stacktrace>
              <![CDATA[cucumber.runtime.CucumberException: java.lang.RuntimeException: Coach deatils is empty
	at cucumber.api.testng.TestNGCucumberRunner.runCucumber(TestNGCucumberRunner.java:69)
	at cucumber.api.testng.AbstractTestNGCucumberTests.feature(AbstractTestNGCucumberTests.java:21)
	at java.base/jdk.internal.reflect.NativeMethodAccessorImpl.invoke0(Native Method)
	at java.base/jdk.internal.reflect.NativeMethodAccessorImpl.invoke(NativeMethodAccessorImpl.java:64)
	at java.base/jdk.internal.reflect.DelegatingMethodAccessorImpl.invoke(DelegatingMethodAccessorImpl.java:43)
	at java.base/java.lang.reflect.Method.invoke(Method.java:564)
	at org.testng.internal.MethodInvocationHelper.invokeMethod(MethodInvocationHelper.java:80)
	at org.testng.internal.Invoker.invokeMethod(Invoker.java:714)
	at org.testng.internal.Invoker.invokeTestMethod(Invoker.java:901)
	at org.testng.internal.Invoker.invokeTestMethods(Invoker.java:1231)
	at org.testng.internal.TestMethodWorker.invokeTestMethods(TestMethodWorker.java:127)
	at org.testng.internal.TestMethodWorker.run(TestMethodWorker.java:111)
	at org.testng.TestRunner.privateRun(TestRunner.java:767)
	at org.testng.TestRunner.run(TestRunner.java:617)
	at org.testng.SuiteRunner.runTest(SuiteRunner.java:334)
	at org.testng.SuiteRunner.access$000(SuiteRunner.java:37)
	at org.testng.SuiteRunner$SuiteWorker.run(SuiteRunner.java:368)
	at org.testng.internal.thread.ThreadUtil$2.call(ThreadUtil.java:64)
	at java.base/java.util.concurrent.FutureTask.run(FutureTask.java:264)
	at java.base/java.util.concurrent.ThreadPoolExecutor.runWorker(ThreadPoolExecutor.java:1130)
	at java.base/java.util.concurrent.ThreadPoolExecutor$Worker.run(ThreadPoolExecutor.java:630)
	at java.base/java.lang.Thread.run(Thread.java:832)
Caused by: java.lang.RuntimeException: Coach deatils is empty
	at com.framework.core.Helper.handleTestFaliure(Helper.java:28)
	at com.framework.pages.Payment.getReservationDetails(Payment.java:38)
	at stepdefs.BookFlightSteps.get_the_reserved_coach_details(BookFlightSteps.java:65)
	at âœ½.And get the reserved coach details(BookFlight.feature:26)
]]>
            </full-stacktrace>
          </exception> <!-- cucumber.runtime.CucumberException -->
          <reporter-output>
          </reporter-output>
        </test-method> <!-- feature -->
        <test-method is-config="true" signature="tearDownClass()[pri:0, instance:testRunner.TrainlineRunner@1e730495]" started-at="2021-10-01T02:02:12Z" name="tearDownClass" finished-at="2021-10-01T02:02:12Z" duration-ms="76" status="PASS">
          <reporter-output>
          </reporter-output>
        </test-method> <!-- tearDownClass -->
        <test-method is-config="true" signature="tearDown()[pri:0, instance:testRunner.TrainlineRunner@1e730495]" started-at="2021-10-01T02:02:12Z" name="tearDown" finished-at="2021-10-01T02:02:13Z" duration-ms="1005" status="PASS">
          <reporter-output>
          </reporter-output>
        </test-method> <!-- tearDown -->
      </class> <!-- testRunner.TrainlineRunner -->
    </test> <!-- Ticket Booking -->
  </suite> <!-- Trainline Demo Test Suite -->
</testng-results>
