<?xml version="1.0" encoding="UTF-8"?>
<!-- Generated by org.testng.reporters.JUnitXMLReporter -->
<testsuite hostname="ASI-PG026JY3" failures="1" tests="1" name="Ticket Booking" time="41.781" errors="0" timestamp="30 Sep 2021 20:32:12 GMT">
  <testcase classname="testRunner.TrainlineRunner" name="feature" time="41.395">
    <failure type="cucumber.runtime.CucumberException" message="java.lang.RuntimeException: Coach deatils is empty">
      <![CDATA[cucumber.runtime.CucumberException: java.lang.RuntimeException: Coach deatils is empty
	at cucumber.api.testng.TestNGCucumberRunner.runCucumber(TestNGCucumberRunner.java:69)
	at cucumber.api.testng.AbstractTestNGCucumberTests.feature(AbstractTestNGCucumberTests.java:21)
	at java.base/java.util.concurrent.FutureTask.run(FutureTask.java:264)
	at java.base/java.util.concurrent.ThreadPoolExecutor.runWorker(ThreadPoolExecutor.java:1130)
	at java.base/java.util.concurrent.ThreadPoolExecutor$Worker.run(ThreadPoolExecutor.java:630)
	at java.base/java.lang.Thread.run(Thread.java:832)
Caused by: java.lang.RuntimeException: Coach deatils is empty
	at com.framework.core.Helper.handleTestFaliure(Helper.java:28)
	at com.framework.pages.Payment.getReservationDetails(Payment.java:38)
	at stepdefs.BookFlightSteps.get_the_reserved_coach_details(BookFlightSteps.java:65)
	at âœ½.And get the reserved coach details(BookFlight.feature:26)
... Removed 16 stack frames]]>
    </failure>
  </testcase> <!-- feature -->
</testsuite> <!-- Ticket Booking -->
